<?xml version="1.0" encoding="UTF-8"?>
<!-- Generated by org.testng.reporters.JUnitReportReporter -->
<testsuite hostname="DESKTOP-RUHJHUR" failures="0" tests="1" name="practicetest.SauceDemo" time="49.467" errors="0" timestamp="2023-06-14T20:30:35 IST" skipped="0">
  <testcase classname="practicetest.SauceDemo" name="LoginCheck" time="49.467"/>
  <system-out/>
</testsuite> <!-- practicetest.SauceDemo -->
